c:\_projects\gamedev\c++\setting up sdl2\sdl framework\sdl framework\debug\sdl framework.pch
c:\_projects\gamedev\c++\setting up sdl2\sdl framework\sdl framework\debug\vc141.pdb
c:\_projects\gamedev\c++\setting up sdl2\sdl framework\sdl framework\debug\vc141.idb
c:\_projects\gamedev\c++\setting up sdl2\sdl framework\sdl framework\debug\stdafx.obj
c:\_projects\gamedev\c++\setting up sdl2\sdl framework\sdl framework\debug\assetmanager.obj
c:\_projects\gamedev\c++\setting up sdl2\sdl framework\sdl framework\debug\graphics.obj
c:\_projects\gamedev\c++\setting up sdl2\sdl framework\sdl framework\debug\timer.obj
c:\_projects\gamedev\c++\setting up sdl2\sdl framework\sdl framework\debug\animatedtexture.obj
c:\_projects\gamedev\c++\setting up sdl2\sdl framework\sdl framework\debug\audiomanager.obj
c:\_projects\gamedev\c++\setting up sdl2\sdl framework\sdl framework\debug\inputmanager.obj
c:\_projects\gamedev\c++\setting up sdl2\sdl framework\sdl framework\debug\texture.obj
c:\_projects\gamedev\c++\setting up sdl2\sdl framework\sdl framework\debug\gameentity.obj
c:\_projects\gamedev\c++\setting up sdl2\sdl framework\sdl framework\debug\gamemanager.obj
c:\_projects\gamedev\c++\setting up sdl2\sdl framework\sdl framework\debug\sdlframework.obj
c:\_projects\gamedev\c++\setting up sdl2\sdl framework\debug\sdl framework.ilk
c:\_projects\gamedev\c++\setting up sdl2\sdl framework\debug\sdl framework.exe
c:\_projects\gamedev\c++\setting up sdl2\sdl framework\debug\sdl framework.pdb
c:\_projects\gamedev\c++\setting up sdl2\sdl framework\sdl framework\debug\sdl framework.ilk
c:\_projects\gamedev\c++\setting up sdl2\sdl framework\sdl framework\debug\sdl framework.pdb
c:\_projects\gamedev\c++\setting up sdl2\sdl framework\sdl framework\debug\sdl framework.tlog\cl.command.1.tlog
c:\_projects\gamedev\c++\setting up sdl2\sdl framework\sdl framework\debug\sdl framework.tlog\cl.read.1.tlog
c:\_projects\gamedev\c++\setting up sdl2\sdl framework\sdl framework\debug\sdl framework.tlog\cl.write.1.tlog
c:\_projects\gamedev\c++\setting up sdl2\sdl framework\sdl framework\debug\sdl framework.tlog\link.command.1.tlog
c:\_projects\gamedev\c++\setting up sdl2\sdl framework\sdl framework\debug\sdl framework.tlog\link.read.1.tlog
c:\_projects\gamedev\c++\setting up sdl2\sdl framework\sdl framework\debug\sdl framework.tlog\link.write.1.tlog
