  stdafx.cpp
  AnimatedTexture.cpp
c:\users\khori armstrong\documents\github\pok-mon-blue-c-\pokemon blue\sdl framework\timer.h(4): fatal error C1083: Cannot open include file: 'SDL.h': No such file or directory
  AssetManager.cpp
c:\users\khori armstrong\documents\github\pok-mon-blue-c-\pokemon blue\sdl framework\assetmanager.h(5): fatal error C1083: Cannot open include file: 'SDL_mixer.h': No such file or directory
  AudioManager.cpp
c:\users\khori armstrong\documents\github\pok-mon-blue-c-\pokemon blue\sdl framework\assetmanager.h(5): fatal error C1083: Cannot open include file: 'SDL_mixer.h': No such file or directory
  camera.cpp
c1xx : fatal error C1083: Cannot open source file: 'camera.cpp': No such file or directory
  game engine.cpp
c1xx : fatal error C1083: Cannot open source file: 'game engine.cpp': No such file or directory
  GameEntity.cpp
c:\users\khori armstrong\documents\github\pok-mon-blue-c-\pokemon blue\sdl framework\mathhelper.h(19): warning C4244: 'return': conversion from 'double' to 'float', possible loss of data
c:\users\khori armstrong\documents\github\pok-mon-blue-c-\pokemon blue\sdl framework\gameentity.cpp(37): warning C4244: 'initializing': conversion from 'float' to 'int', possible loss of data
  GameManager.cpp
c:\users\khori armstrong\documents\github\pok-mon-blue-c-\pokemon blue\sdl framework\inputmanager.h(4): fatal error C1083: Cannot open include file: 'SDL.h': No such file or directory
  Graphics.cpp
c:\users\khori armstrong\documents\github\pok-mon-blue-c-\pokemon blue\sdl framework\graphics.h(6): fatal error C1083: Cannot open include file: 'SDL.h': No such file or directory
  InputManager.cpp
c:\users\khori armstrong\documents\github\pok-mon-blue-c-\pokemon blue\sdl framework\inputmanager.h(4): fatal error C1083: Cannot open include file: 'SDL.h': No such file or directory
  PalletTown.cpp
c1xx : fatal error C1083: Cannot open source file: 'PalletTown.cpp': No such file or directory
  SDLFramework.cpp
c:\users\khori armstrong\documents\github\pok-mon-blue-c-\pokemon blue\sdl framework\inputmanager.h(4): fatal error C1083: Cannot open include file: 'SDL.h': No such file or directory
  Texture.cpp
c:\users\khori armstrong\documents\github\pok-mon-blue-c-\pokemon blue\sdl framework\mathhelper.h(19): warning C4244: 'return': conversion from 'double' to 'float', possible loss of data
c:\users\khori armstrong\documents\github\pok-mon-blue-c-\pokemon blue\sdl framework\assetmanager.h(5): fatal error C1083: Cannot open include file: 'SDL_mixer.h': No such file or directory
  Timer.cpp
c:\users\khori armstrong\documents\github\pok-mon-blue-c-\pokemon blue\sdl framework\timer.h(4): fatal error C1083: Cannot open include file: 'SDL.h': No such file or directory
  window.cpp
c1xx : fatal error C1083: Cannot open source file: 'window.cpp': No such file or directory
  Generating Code...
