c:\_projects\gamedev\pok-mon-blue-c-\pokemon blue\sdl framework\debug\sdlframework.pch
c:\_projects\gamedev\pok-mon-blue-c-\pokemon blue\sdl framework\debug\vc141.pdb
c:\_projects\gamedev\pok-mon-blue-c-\pokemon blue\sdl framework\debug\vc141.idb
c:\_projects\gamedev\pok-mon-blue-c-\pokemon blue\sdl framework\debug\stdafx.obj
c:\_projects\gamedev\pok-mon-blue-c-\pokemon blue\sdl framework\debug\timer.obj
c:\_projects\gamedev\pok-mon-blue-c-\pokemon blue\sdl framework\debug\tile.obj
c:\_projects\gamedev\pok-mon-blue-c-\pokemon blue\sdl framework\debug\sdlframework.obj
c:\_projects\gamedev\pok-mon-blue-c-\pokemon blue\sdl framework\debug\inputmanager.obj
c:\_projects\gamedev\pok-mon-blue-c-\pokemon blue\sdl framework\debug\graphics.obj
c:\_projects\gamedev\pok-mon-blue-c-\pokemon blue\sdl framework\debug\gamesystem.obj
c:\_projects\gamedev\pok-mon-blue-c-\pokemon blue\sdl framework\debug\gameentity.obj
c:\_projects\gamedev\pok-mon-blue-c-\pokemon blue\sdl framework\debug\database.obj
c:\_projects\gamedev\pok-mon-blue-c-\pokemon blue\sdl framework\debug\battlemanager.obj
c:\_projects\gamedev\pok-mon-blue-c-\pokemon blue\sdl framework\debug\audiomanager.obj
c:\_projects\gamedev\pok-mon-blue-c-\pokemon blue\sdl framework\debug\actor.obj
c:\_projects\gamedev\pok-mon-blue-c-\pokemon blue\sdl framework\debug\animatedtexture.obj
c:\_projects\gamedev\pok-mon-blue-c-\pokemon blue\sdl framework\debug\texture.obj
c:\_projects\gamedev\pok-mon-blue-c-\pokemon blue\sdl framework\debug\gamemanager.obj
c:\_projects\gamedev\pok-mon-blue-c-\pokemon blue\sdl framework\debug\assetmanager.obj
c:\_projects\gamedev\pok-mon-blue-c-\pokemon blue\sdl framework\debug\sdlframework.ilk
c:\_projects\gamedev\pok-mon-blue-c-\pokemon blue\sdl framework\debug\sdlframework.exe
c:\_projects\gamedev\pok-mon-blue-c-\pokemon blue\sdl framework\debug\sdlframework.pdb
c:\_projects\gamedev\pok-mon-blue-c-\pokemon blue\sdl framework\debug\sdlframework.tlog\cl.command.1.tlog
c:\_projects\gamedev\pok-mon-blue-c-\pokemon blue\sdl framework\debug\sdlframework.tlog\cl.read.1.tlog
c:\_projects\gamedev\pok-mon-blue-c-\pokemon blue\sdl framework\debug\sdlframework.tlog\cl.write.1.tlog
c:\_projects\gamedev\pok-mon-blue-c-\pokemon blue\sdl framework\debug\sdlframework.tlog\link.command.1.tlog
c:\_projects\gamedev\pok-mon-blue-c-\pokemon blue\sdl framework\debug\sdlframework.tlog\link.read.1.tlog
c:\_projects\gamedev\pok-mon-blue-c-\pokemon blue\sdl framework\debug\sdlframework.tlog\link.write.1.tlog
