C:\Program Files (x86)\Microsoft Visual Studio\2017\Enterprise\Common7\IDE\VC\VCTargets\Microsoft.CppBuild.targets(391,5): warning MSB8028: The intermediate directory (Debug\) contains files shared from another project (SDL Framework.vcxproj).  This can lead to incorrect clean and rebuild behavior.
  GameManager.cpp
c:\_projects\gamedev\pok-mon-blue-c-\pokemon blue\sdl framework\mathhelper.h(19): warning C4244: 'return': conversion from 'double' to 'float', possible loss of data
c:\_projects\gamedev\pok-mon-blue-c-\pokemon blue\sdl framework\texture.h(39): warning C4244: '=': conversion from 'float' to 'int', possible loss of data
c:\_projects\gamedev\pok-mon-blue-c-\pokemon blue\sdl framework\texture.h(40): warning C4244: '=': conversion from 'float' to 'int', possible loss of data
c:\_projects\gamedev\pok-mon-blue-c-\pokemon blue\sdl framework\tiledtexture.h(59): warning C4018: '<': signed/unsigned mismatch
c:\_projects\gamedev\pok-mon-blue-c-\pokemon blue\sdl framework\textarea.h(54): warning C4018: '<': signed/unsigned mismatch
c:\_projects\gamedev\pok-mon-blue-c-\pokemon blue\sdl framework\textarea.h(56): warning C4244: 'argument': conversion from 'int' to 'float', possible loss of data
c:\_projects\gamedev\pok-mon-blue-c-\pokemon blue\sdl framework\textarea.h(59): warning C4244: 'argument': conversion from 'int' to 'float', possible loss of data
c:\_projects\gamedev\pok-mon-blue-c-\pokemon blue\sdl framework\textarea.h(62): warning C4244: 'argument': conversion from 'int' to 'float', possible loss of data
c:\_projects\gamedev\pok-mon-blue-c-\pokemon blue\sdl framework\textarea.h(98): warning C4244: 'argument': conversion from 'float' to 'int', possible loss of data
c:\_projects\gamedev\pok-mon-blue-c-\pokemon blue\sdl framework\textarea.h(98): warning C4244: 'argument': conversion from 'unsigned int' to 'float', possible loss of data
c:\_projects\gamedev\pok-mon-blue-c-\pokemon blue\sdl framework\textarea.h(112): warning C4244: 'argument': conversion from 'int' to 'float', possible loss of data
c:\_projects\gamedev\pok-mon-blue-c-\pokemon blue\sdl framework\textarea.h(115): warning C4244: '=': conversion from 'float' to 'int', possible loss of data
c:\_projects\gamedev\pok-mon-blue-c-\pokemon blue\sdl framework\menubox.h(9): warning C4244: 'argument': conversion from 'int' to 'float', possible loss of data
c:\_projects\gamedev\pok-mon-blue-c-\pokemon blue\sdl framework\menubox.h(10): warning C4244: 'argument': conversion from 'int' to 'float', possible loss of data
c:\_projects\gamedev\pok-mon-blue-c-\pokemon blue\sdl framework\menubox.h(11): warning C4244: 'argument': conversion from 'int' to 'float', possible loss of data
c:\_projects\gamedev\pok-mon-blue-c-\pokemon blue\sdl framework\menubox.h(13): warning C4244: 'argument': conversion from 'int' to 'float', possible loss of data
c:\_projects\gamedev\pok-mon-blue-c-\pokemon blue\sdl framework\menubox.h(15): warning C4244: 'argument': conversion from 'int' to 'float', possible loss of data
c:\_projects\gamedev\pok-mon-blue-c-\pokemon blue\sdl framework\database.h(155): warning C4244: 'return': conversion from 'float' to 'int', possible loss of data
c:\_projects\gamedev\pok-mon-blue-c-\pokemon blue\sdl framework\battlemanager.h(81): warning C4244: '=': conversion from 'int' to 'float', possible loss of data
c:\_projects\gamedev\pok-mon-blue-c-\pokemon blue\sdl framework\battlemanager.h(102): warning C4244: '=': conversion from 'int' to 'float', possible loss of data
c:\_projects\gamedev\pok-mon-blue-c-\pokemon blue\sdl framework\battlemanager.h(136): warning C4244: '+=': conversion from 'double' to 'int', possible loss of data
c:\_projects\gamedev\pok-mon-blue-c-\pokemon blue\sdl framework\battlemanager.h(140): warning C4244: '+=': conversion from 'double' to 'int', possible loss of data
c:\_projects\gamedev\pok-mon-blue-c-\pokemon blue\sdl framework\battlemanager.h(253): warning C4018: '<': signed/unsigned mismatch
c:\_projects\gamedev\pok-mon-blue-c-\pokemon blue\sdl framework\battlemanager.h(327): warning C4244: 'argument': conversion from 'int' to 'float', possible loss of data
c:\_projects\gamedev\pok-mon-blue-c-\pokemon blue\sdl framework\battlemanager.h(425): warning C4244: 'argument': conversion from 'int' to 'float', possible loss of data
c:\_projects\gamedev\pok-mon-blue-c-\pokemon blue\sdl framework\battlemanager.h(495): warning C4244: 'argument': conversion from 'int' to 'float', possible loss of data
c:\_projects\gamedev\pok-mon-blue-c-\pokemon blue\sdl framework\battlemanager.h(574): warning C4244: 'argument': conversion from 'int' to 'float', possible loss of data
c:\_projects\gamedev\pok-mon-blue-c-\pokemon blue\sdl framework\battlemanager.h(575): warning C4244: 'argument': conversion from 'int' to 'float', possible loss of data
c:\_projects\gamedev\pok-mon-blue-c-\pokemon blue\sdl framework\battlemanager.h(601): warning C4244: 'argument': conversion from 'int' to 'float', possible loss of data
c:\_projects\gamedev\pok-mon-blue-c-\pokemon blue\sdl framework\battlemanager.h(603): warning C4244: 'argument': conversion from 'int' to 'float', possible loss of data
c:\_projects\gamedev\pok-mon-blue-c-\pokemon blue\sdl framework\battlemanager.h(651): warning C4018: '>': signed/unsigned mismatch
c:\_projects\gamedev\pok-mon-blue-c-\pokemon blue\sdl framework\battlemanager.h(731): warning C4244: 'argument': conversion from 'int' to 'float', possible loss of data
c:\_projects\gamedev\pok-mon-blue-c-\pokemon blue\sdl framework\battlemanager.h(757): warning C4018: '<': signed/unsigned mismatch
c:\_projects\gamedev\pok-mon-blue-c-\pokemon blue\sdl framework\battlemanager.h(789): warning C4244: 'argument': conversion from 'int' to 'float', possible loss of data
c:\_projects\gamedev\pok-mon-blue-c-\pokemon blue\sdl framework\battlemanager.h(791): warning C4244: 'argument': conversion from 'int' to 'float', possible loss of data
c:\_projects\gamedev\pok-mon-blue-c-\pokemon blue\sdl framework\battlemanager.h(793): warning C4244: 'argument': conversion from 'int' to 'float', possible loss of data
c:\_projects\gamedev\pok-mon-blue-c-\pokemon blue\sdl framework\battlemanager.h(795): warning C4244: 'argument': conversion from 'int' to 'float', possible loss of data
c:\_projects\gamedev\pok-mon-blue-c-\pokemon blue\sdl framework\battlemanager.h(797): warning C4244: 'argument': conversion from 'int' to 'float', possible loss of data
c:\_projects\gamedev\pok-mon-blue-c-\pokemon blue\sdl framework\battlemanager.h(800): warning C4018: '<': signed/unsigned mismatch
c:\_projects\gamedev\pok-mon-blue-c-\pokemon blue\sdl framework\battlemanager.h(899): warning C4244: 'argument': conversion from 'int' to 'float', possible loss of data
c:\_projects\gamedev\pok-mon-blue-c-\pokemon blue\sdl framework\battlemanager.h(936): warning C4018: '<': signed/unsigned mismatch
c:\_projects\gamedev\pok-mon-blue-c-\pokemon blue\sdl framework\battlemanager.h(939): warning C4244: 'argument': conversion from 'int' to 'float', possible loss of data
c:\_projects\gamedev\pok-mon-blue-c-\pokemon blue\sdl framework\gamemanager.cpp(94): warning C4018: '<': signed/unsigned mismatch
c:\_projects\gamedev\pok-mon-blue-c-\pokemon blue\sdl framework\gamemanager.cpp(126): warning C4018: '<': signed/unsigned mismatch
c:\_projects\gamedev\pok-mon-blue-c-\pokemon blue\sdl framework\gamemanager.cpp(194): warning C4018: '<': signed/unsigned mismatch
  SDLFramework.vcxproj -> C:\_Projects\GameDev\pok-mon-blue-C-\Pokemon Blue\SDL Framework\Debug\SDLFramework.exe
