c:\_projects\gamedev\c++\pokemon stuff - working\sdlframework\sdlframework\debug\sdlframework.pch
c:\_projects\gamedev\c++\pokemon stuff - working\sdlframework\sdlframework\debug\vc141.pdb
c:\_projects\gamedev\c++\pokemon stuff - working\sdlframework\sdlframework\debug\vc141.idb
c:\_projects\gamedev\c++\pokemon stuff - working\sdlframework\sdlframework\debug\stdafx.obj
c:\_projects\gamedev\c++\pokemon stuff - working\sdlframework\sdlframework\debug\timer.obj
c:\_projects\gamedev\c++\pokemon stuff - working\sdlframework\sdlframework\debug\texture.obj
c:\_projects\gamedev\c++\pokemon stuff - working\sdlframework\sdlframework\debug\text.obj
c:\_projects\gamedev\c++\pokemon stuff - working\sdlframework\sdlframework\debug\sdlframework.obj
c:\_projects\gamedev\c++\pokemon stuff - working\sdlframework\sdlframework\debug\inputmanager.obj
c:\_projects\gamedev\c++\pokemon stuff - working\sdlframework\sdlframework\debug\graphics.obj
c:\_projects\gamedev\c++\pokemon stuff - working\sdlframework\sdlframework\debug\gamemanager.obj
c:\_projects\gamedev\c++\pokemon stuff - working\sdlframework\sdlframework\debug\gameentity.obj
c:\_projects\gamedev\c++\pokemon stuff - working\sdlframework\sdlframework\debug\character.obj
c:\_projects\gamedev\c++\pokemon stuff - working\sdlframework\sdlframework\debug\audiomanager.obj
c:\_projects\gamedev\c++\pokemon stuff - working\sdlframework\sdlframework\debug\assetmanager.obj
c:\_projects\gamedev\c++\pokemon stuff - working\sdlframework\sdlframework\debug\animatedtexture.obj
c:\_projects\gamedev\c++\pokemon stuff - working\sdlframework\debug\sdlframework.ilk
c:\_projects\gamedev\c++\pokemon stuff - working\sdlframework\debug\sdlframework.exe
c:\_projects\gamedev\c++\pokemon stuff - working\sdlframework\debug\sdlframework.pdb
c:\_projects\gamedev\c++\pokemon stuff - working\sdlframework\sdlframework\debug\sdlframework.tlog\cl.command.1.tlog
c:\_projects\gamedev\c++\pokemon stuff - working\sdlframework\sdlframework\debug\sdlframework.tlog\cl.read.1.tlog
c:\_projects\gamedev\c++\pokemon stuff - working\sdlframework\sdlframework\debug\sdlframework.tlog\cl.write.1.tlog
c:\_projects\gamedev\c++\pokemon stuff - working\sdlframework\sdlframework\debug\sdlframework.tlog\link.command.1.tlog
c:\_projects\gamedev\c++\pokemon stuff - working\sdlframework\sdlframework\debug\sdlframework.tlog\link.read.1.tlog
c:\_projects\gamedev\c++\pokemon stuff - working\sdlframework\sdlframework\debug\sdlframework.tlog\link.write.1.tlog
